{ console: [Getter],
  DTRACE_NET_SERVER_CONNECTION: [Function],
  DTRACE_NET_STREAM_END: [Function],
  DTRACE_HTTP_SERVER_REQUEST: [Function],
  DTRACE_HTTP_SERVER_RESPONSE: [Function],
  DTRACE_HTTP_CLIENT_REQUEST: [Function],
  DTRACE_HTTP_CLIENT_RESPONSE: [Function],
  COUNTER_NET_SERVER_CONNECTION: [Function],
  COUNTER_NET_SERVER_CONNECTION_CLOSE: [Function],
  COUNTER_HTTP_SERVER_REQUEST: [Function],
  COUNTER_HTTP_SERVER_RESPONSE: [Function],
  COUNTER_HTTP_CLIENT_REQUEST: [Function],
  COUNTER_HTTP_CLIENT_RESPONSE: [Function],
  global: [Circular],
  process: 
   process {
     title: 'C:\\Windows\\system32\\cmd.exe - node  info-log.js ',
     version: 'v8.4.0',
     moduleLoadList: 
      [ 'Binding contextify',
        'Binding natives',
        'Binding config',
        'NativeModule events',
        'Binding async_wrap',
        'Binding icu',
        'NativeModule util',
        'NativeModule internal/errors',
        'NativeModule internal/encoding',
        'NativeModule internal/util',
        'Binding util',
        'Binding constants',
        'Binding buffer',
        'Binding uv',
        'NativeModule buffer',
        'NativeModule internal/buffer',
        'NativeModule timers',
        'Binding timer_wrap',
        'NativeModule internal/linkedlist',
        'NativeModule async_hooks',
        'NativeModule assert',
        'Binding inspector',
        'NativeModule module',
        'NativeModule internal/module',
        'NativeModule vm',
        'NativeModule fs',
        'NativeModule path',
        'Binding fs',
        'NativeModule stream',
        'NativeModule internal/streams/legacy',
        'NativeModule _stream_readable',
        'NativeModule internal/streams/BufferList',
        'NativeModule internal/streams/destroy',
        'NativeModule _stream_writable',
        'NativeModule _stream_duplex',
        'NativeModule _stream_transform',
        'NativeModule _stream_passthrough',
        'Binding fs_event_wrap',
        'NativeModule internal/fs',
        'NativeModule internal/url',
        'NativeModule internal/querystring',
        'NativeModule querystring',
        'Binding url',
        'NativeModule internal/process',
        'NativeModule internal/process/warning',
        'NativeModule internal/process/next_tick',
        'NativeModule internal/process/promises',
        'NativeModule internal/process/stdio',
        'NativeModule console',
        'Binding tty_wrap',
        'NativeModule tty',
        'NativeModule net',
        'NativeModule internal/net',
        'Binding cares_wrap',
        'Binding tcp_wrap',
        'Binding pipe_wrap',
        'Binding stream_wrap',
        'Binding signal_wrap' ],
     versions: 
      { http_parser: '2.7.0',
        node: '8.4.0',
        v8: '6.0.286.52',
        uv: '1.13.1',
        zlib: '1.2.11',
        ares: '1.10.1-DEV',
        modules: '57',
        nghttp2: '1.22.0',
        openssl: '1.0.2l',
        icu: '59.1',
        unicode: '9.0',
        cldr: '31.0.1',
        tz: '2017b' },
     arch: 'x64',
     platform: 'win32',
     release: 
      { name: 'node',
        sourceUrl: 'https://nodejs.org/download/release/v8.4.0/node-v8.4.0.tar.gz',
        headersUrl: 'https://nodejs.org/download/release/v8.4.0/node-v8.4.0-headers.tar.gz',
        libUrl: 'https://nodejs.org/download/release/v8.4.0/win-x64/node.lib' },
     argv: 
      [ 'C:\\Program Files\\nodejs\\node.exe',
        'E:\\学习\\web\\my-demo\\node\\info-log.js' ],
     execArgv: [],
     env: 
      { ALLUSERSPROFILE: 'C:\\ProgramData',
        APPDATA: 'C:\\Users\\LTF\\AppData\\Roaming',
        'asl.log': 'Destination=file',
        classpath: '.;E:\\学习\\jre\\lib\\rt.jar',
        CommonProgramFiles: 'C:\\Program Files\\Common Files',
        'CommonProgramFiles(x86)': 'C:\\Program Files (x86)\\Common Files',
        CommonProgramW6432: 'C:\\Program Files\\Common Files',
        COMPUTERNAME: 'LTF-PC',
        ComSpec: 'C:\\Windows\\system32\\cmd.exe',
        FP_NO_HOST_CHECK: 'NO',
        HOMEDRIVE: 'C:',
        HOMEPATH: '\\Users\\LTF',
        LOCALAPPDATA: 'C:\\Users\\LTF\\AppData\\Local',
        LOGONSERVER: '\\\\LTF-PC',
        NUMBER_OF_PROCESSORS: '4',
        OS: 'Windows_NT',
        Path: 'C:\\Program Files (x86)\\Intel\\iCLS Client\\;C:\\Program Files\\Intel\\iCLS Client\\;C:\\Program Files (x86)\\NVIDIA Corporation\\PhysX\\Common;C:\\Windows\\system32;C:\\Windows;C:\\Windows\\System32\\Wbem;C:\\Windows\\System32\\WindowsPowerShell\\v1.0\\;C:\\Program Files (x86)\\Intel\\OpenCL SDK\\2.0\\bin\\x86;C:\\Program Files (x86)\\Intel\\OpenCL SDK\\2.0\\bin\\x64;C:\\Program Files\\Intel\\Intel(R) Management Engine Components\\DAL;C:\\Program Files\\Intel\\Intel(R) Management Engine Components\\IPT;C:\\Program Files (x86)\\Intel\\Intel(R) Management Engine Components\\DAL;C:\\Program Files (x86)\\Intel\\Intel(R) Management Engine Components\\IPT;E:\\学习\\bin;C;\\Program Files\\nodejs\\;C:\\Program Files\\TortoiseGit\\bin;C:\\Program Files\\Git\\cmd;C:\\Users\\LTF\\AppData\\Roaming\\npm;D:\\Microsoft VS Code\\bin;C:\\Program Files\\nodejs',
        PATHEXT: '.COM;.EXE;.BAT;.CMD;.VBS;.VBE;.JS;.JSE;.WSF;.WSH;.MSC',
        PROCESSOR_ARCHITECTURE: 'AMD64',
        PROCESSOR_IDENTIFIER: 'Intel64 Family 6 Model 58 Stepping 9, GenuineIntel',
        PROCESSOR_LEVEL: '6',
        PROCESSOR_REVISION: '3a09',
        ProgramData: 'C:\\ProgramData',
        ProgramFiles: 'C:\\Program Files',
        'ProgramFiles(x86)': 'C:\\Program Files (x86)',
        ProgramW6432: 'C:\\Program Files',
        PROMPT: '$P$G',
        PSModulePath: 'C:\\Windows\\system32\\WindowsPowerShell\\v1.0\\Modules\\',
        PUBLIC: 'C:\\Users\\Public',
        SESSIONNAME: 'Console',
        SystemDrive: 'C:',
        SystemRoot: 'C:\\Windows',
        TEMP: 'C:\\Users\\LTF\\AppData\\Local\\Temp',
        TMP: 'C:\\Users\\LTF\\AppData\\Local\\Temp',
        USERDOMAIN: 'LTF-PC',
        USERNAME: 'LTF',
        USERPROFILE: 'C:\\Users\\LTF',
        windir: 'C:\\Windows',
        windows_tracing_flags: '3',
        windows_tracing_logfile: 'C:\\BVTBin\\Tests\\installpackage\\csilogfile.log' },
     pid: 6900,
     features: 
      { debug: false,
        uv: true,
        ipv6: true,
        tls_npn: true,
        tls_alpn: true,
        tls_sni: true,
        tls_ocsp: true,
        tls: true },
     _needImmediateCallback: false,
     execPath: 'C:\\Program Files\\nodejs\\node.exe',
     debugPort: 9229,
     _startProfilerIdleNotifier: [Function: _startProfilerIdleNotifier],
     _stopProfilerIdleNotifier: [Function: _stopProfilerIdleNotifier],
     _getActiveRequests: [Function: _getActiveRequests],
     _getActiveHandles: [Function: _getActiveHandles],
     reallyExit: [Function: reallyExit],
     abort: [Function: abort],
     chdir: [Function: chdir],
     cwd: [Function: cwd],
     umask: [Function: umask],
     _kill: [Function: _kill],
     _debugProcess: [Function: _debugProcess],
     _debugPause: [Function: _debugPause],
     _debugEnd: [Function: _debugEnd],
     hrtime: [Function: hrtime],
     cpuUsage: [Function: cpuUsage],
     dlopen: [Function: dlopen],
     uptime: [Function: uptime],
     memoryUsage: [Function: memoryUsage],
     binding: [Function: binding],
     _linkedBinding: [Function: _linkedBinding],
     _setupDomainUse: [Function: _setupDomainUse],
     _events: 
      { warning: [Function],
        newListener: [Function],
        removeListener: [Function],
        SIGWINCH: [Function] },
     _rawDebug: [Function],
     _eventsCount: 4,
     domain: null,
     _maxListeners: undefined,
     _fatalException: [Function],
     _exiting: false,
     assert: [Function],
     config: { target_defaults: [Object], variables: [Object] },
     emitWarning: [Function],
     nextTick: [Function: nextTick],
     _tickCallback: [Function: _tickCallback],
     _tickDomainCallback: [Function: _tickDomainCallback],
     stdout: [Getter],
     stderr: [Getter],
     stdin: [Getter],
     openStdin: [Function],
     exit: [Function],
     kill: [Function],
     argv0: 'node',
     mainModule: 
      Module {
        id: '.',
        exports: {},
        parent: null,
        filename: 'E:\\学习\\web\\my-demo\\node\\info-log.js',
        loaded: false,
        children: [],
        paths: [Array] } },
  Buffer: 
   { [Function: Buffer]
     poolSize: 8192,
     from: [Function],
     alloc: [Function],
     allocUnsafe: [Function],
     allocUnsafeSlow: [Function],
     isBuffer: [Function: isBuffer],
     compare: [Function: compare],
     isEncoding: [Function],
     concat: [Function],
     byteLength: [Function: byteLength],
     [Symbol(node.isEncoding)]: [Function] },
  clearImmediate: [Function],
  clearInterval: [Function],
  clearTimeout: [Function],
  setImmediate: { [Function: setImmediate] [Symbol(util.promisify.custom)]: [Function] },
  setInterval: [Function],
  setTimeout: { [Function: setTimeout] [Symbol(util.promisify.custom)]: [Function] } }
